# JRE version: Java(TM) SE Runtime Environment (17.0.8+9) (build 17.0.8+9-LTS-211)
# Java VM: Java HotSpot(TM) 64-Bit Server VM (17.0.8+9-LTS-211, mixed mode, emulated-client, sharing, tiered, compressed oops, compressed class ptrs, g1 gc, windows-amd64)
GC Precious Log:
 CPUs: 16 total, 16 available
 Memory: 32577M
 Large Page Support: Disabled
 NUMA Support: Disabled
 Compressed Oops: Enabled (Zero based)
 Heap Region Size: 4M
 Heap Min Capacity: 8M
 Heap Initial Capacity: 512M
 Heap Max Capacity: 8148M
 Pre-touch: Disabled
 Parallel Workers: 13
 Concurrent Workers: 3
 Concurrent Refinement Workers: 13
 Periodic GC: Disabled
Heap:
 garbage-first heap   total 323584K, used 220944K [0x0000000602c00000, 0x0000000800000000)
  region size 4096K, 47 young (192512K), 2 survivors (8192K)
 Metaspace       used 95545K, committed 96256K, reserved 1179648K
  class space    used 13353K, committed 13696K, reserved 1048576K
GC Heap History (20 events):
Event: 1.476 GC heap before
{Heap before GC invocations=6 (full 0):
 garbage-first heap   total 81920K, used 23639K [0x0000000602c00000, 0x0000000800000000)
  region size 4096K, 4 young (16384K), 3 survivors (12288K)
 Metaspace       used 24632K, committed 25024K, reserved 1114112K
  class space    used 3417K, committed 3584K, reserved 1048576K
}
Event: 1.480 GC heap after
{Heap after GC invocations=7 (full 0):
 garbage-first heap   total 81920K, used 20482K [0x0000000602c00000, 0x0000000800000000)
  region size 4096K, 1 young (4096K), 1 survivors (4096K)
 Metaspace       used 24632K, committed 25024K, reserved 1114112K
  class space    used 3417K, committed 3584K, reserved 1048576K
}
Event: 1.762 GC heap before
{Heap before GC invocations=7 (full 0):
 garbage-first heap   total 81920K, used 53250K [0x0000000602c00000, 0x0000000800000000)
  region size 4096K, 9 young (36864K), 1 survivors (4096K)
 Metaspace       used 27892K, committed 28224K, reserved 1114112K
  class space    used 3871K, committed 4032K, reserved 1048576K
}
Event: 1.763 GC heap after
{Heap after GC invocations=8 (full 0):
 garbage-first heap   total 303104K, used 21181K [0x0000000602c00000, 0x0000000800000000)
  region size 4096K, 1 young (4096K), 1 survivors (4096K)
 Metaspace       used 27892K, committed 28224K, reserved 1114112K
  class space    used 3871K, committed 4032K, reserved 1048576K
}
Event: 2.335 GC heap before
{Heap before GC invocations=8 (full 0):
 garbage-first heap   total 303104K, used 107197K [0x0000000602c00000, 0x0000000800000000)
  region size 4096K, 23 young (94208K), 1 survivors (4096K)
 Metaspace       used 35596K, committed 36096K, reserved 1114112K
  class space    used 4954K, committed 5184K, reserved 1048576K
}
Event: 2.339 GC heap after
{Heap after GC invocations=9 (full 0):
 garbage-first heap   total 303104K, used 28223K [0x0000000602c00000, 0x0000000800000000)
  region size 4096K, 3 young (12288K), 3 survivors (12288K)
 Metaspace       used 35596K, committed 36096K, reserved 1114112K
  class space    used 4954K, committed 5184K, reserved 1048576K
}
Event: 2.850 GC heap before
{Heap before GC invocations=10 (full 0):
 garbage-first heap   total 122880K, used 89663K [0x0000000602c00000, 0x0000000800000000)
  region size 4096K, 18 young (73728K), 3 survivors (12288K)
 Metaspace       used 46237K, committed 46720K, reserved 1114112K
  class space    used 6249K, committed 6464K, reserved 1048576K
}
Event: 2.853 GC heap after
{Heap after GC invocations=11 (full 0):
 garbage-first heap   total 122880K, used 32372K [0x0000000602c00000, 0x0000000800000000)
  region size 4096K, 2 young (8192K), 2 survivors (8192K)
 Metaspace       used 46237K, committed 46720K, reserved 1114112K
  class space    used 6249K, committed 6464K, reserved 1048576K
}
Event: 2.885 GC heap before
{Heap before GC invocations=11 (full 0):
 garbage-first heap   total 122880K, used 36468K [0x0000000602c00000, 0x0000000800000000)
  region size 4096K, 3 young (12288K), 2 survivors (8192K)
 Metaspace       used 47096K, committed 47552K, reserved 1114112K
  class space    used 6337K, committed 6528K, reserved 1048576K
}
Event: 2.887 GC heap after
{Heap after GC invocations=12 (full 0):
 garbage-first heap   total 122880K, used 32890K [0x0000000602c00000, 0x0000000800000000)
  region size 4096K, 1 young (4096K), 1 survivors (4096K)
 Metaspace       used 47096K, committed 47552K, reserved 1114112K
  class space    used 6337K, committed 6528K, reserved 1048576K
}
Event: 3.415 GC heap before
{Heap before GC invocations=12 (full 0):
 garbage-first heap   total 122880K, used 86138K [0x0000000602c00000, 0x0000000800000000)
  region size 4096K, 15 young (61440K), 1 survivors (4096K)
 Metaspace       used 58928K, committed 59456K, reserved 1114112K
  class space    used 8130K, committed 8384K, reserved 1048576K
}
Event: 3.416 GC heap after
{Heap after GC invocations=13 (full 0):
 garbage-first heap   total 122880K, used 35058K [0x0000000602c00000, 0x0000000800000000)
  region size 4096K, 1 young (4096K), 1 survivors (4096K)
 Metaspace       used 58928K, committed 59456K, reserved 1114112K
  class space    used 8130K, committed 8384K, reserved 1048576K
}
Event: 3.476 GC heap before
{Heap before GC invocations=13 (full 0):
 garbage-first heap   total 122880K, used 39154K [0x0000000602c00000, 0x0000000800000000)
  region size 4096K, 3 young (12288K), 1 survivors (4096K)
 Metaspace       used 59947K, committed 60416K, reserved 1114112K
  class space    used 8255K, committed 8512K, reserved 1048576K
}
Event: 3.477 GC heap after
{Heap after GC invocations=14 (full 0):
 garbage-first heap   total 122880K, used 35380K [0x0000000602c00000, 0x0000000800000000)
  region size 4096K, 1 young (4096K), 1 survivors (4096K)
 Metaspace       used 59947K, committed 60416K, reserved 1114112K
  class space    used 8255K, committed 8512K, reserved 1048576K
}
Event: 4.067 GC heap before
{Heap before GC invocations=15 (full 0):
 garbage-first heap   total 122880K, used 96820K [0x0000000602c00000, 0x0000000800000000)
  region size 4096K, 16 young (65536K), 1 survivors (4096K)
 Metaspace       used 69888K, committed 70528K, reserved 1114112K
  class space    used 9933K, committed 10240K, reserved 1048576K
}
Event: 4.072 GC heap after
{Heap after GC invocations=16 (full 0):
 garbage-first heap   total 122880K, used 38270K [0x0000000602c00000, 0x0000000800000000)
  region size 4096K, 2 young (8192K), 2 survivors (8192K)
 Metaspace       used 69888K, committed 70528K, reserved 1114112K
  class space    used 9933K, committed 10240K, reserved 1048576K
}
Event: 4.386 GC heap before
{Heap before GC invocations=16 (full 0):
 garbage-first heap   total 122880K, used 95614K [0x0000000602c00000, 0x0000000800000000)
  region size 4096K, 16 young (65536K), 2 survivors (8192K)
 Metaspace       used 75099K, committed 75712K, reserved 1114112K
  class space    used 10732K, committed 11008K, reserved 1048576K
}
Event: 4.390 GC heap after
{Heap after GC invocations=17 (full 0):
 garbage-first heap   total 122880K, used 41581K [0x0000000602c00000, 0x0000000800000000)
  region size 4096K, 2 young (8192K), 2 survivors (8192K)
 Metaspace       used 75099K, committed 75712K, reserved 1114112K
  class space    used 10732K, committed 11008K, reserved 1048576K
}
Event: 4.660 GC heap before
{Heap before GC invocations=17 (full 0):
 garbage-first heap   total 122880K, used 94829K [0x0000000602c00000, 0x0000000800000000)
  region size 4096K, 15 young (61440K), 2 survivors (8192K)
 Metaspace       used 80715K, committed 81344K, reserved 1179648K
  class space    used 11475K, committed 11776K, reserved 1048576K
}
Event: 4.663 GC heap after
{Heap after GC invocations=18 (full 0):
 garbage-first heap   total 323584K, used 44816K [0x0000000602c00000, 0x0000000800000000)
  region size 4096K, 2 young (8192K), 2 survivors (8192K)
 Metaspace       used 80715K, committed 81344K, reserved 1179648K
  class space    used 11475K, committed 11776K, reserved 1048576K
}

