# JRE version: Java(TM) SE Runtime Environment (17.0.8+9) (build 17.0.8+9-LTS-211)
# Java VM: Java HotSpot(TM) 64-Bit Server VM (17.0.8+9-LTS-211, mixed mode, emulated-client, sharing, tiered, compressed oops, compressed class ptrs, g1 gc, windows-amd64)
GC Precious Log:
 CPUs: 16 total, 16 available
 Memory: 32577M
 Large Page Support: Disabled
 NUMA Support: Disabled
 Compressed Oops: Enabled (Zero based)
 Heap Region Size: 4M
 Heap Min Capacity: 8M
 Heap Initial Capacity: 512M
 Heap Max Capacity: 8148M
 Pre-touch: Disabled
 Parallel Workers: 13
 Concurrent Workers: 3
 Concurrent Refinement Workers: 13
 Periodic GC: Disabled
Heap:
 garbage-first heap   total 323584K, used 84179K [0x0000000602c00000, 0x0000000800000000)
  region size 4096K, 11 young (45056K), 2 survivors (8192K)
 Metaspace       used 91974K, committed 92608K, reserved 1179648K
  class space    used 13021K, committed 13312K, reserved 1048576K
GC Heap History (20 events):
Event: 2.273 GC heap before
{Heap before GC invocations=8 (full 0):
 garbage-first heap   total 303104K, used 98098K [0x0000000602c00000, 0x0000000800000000)
  region size 4096K, 21 young (86016K), 1 survivors (4096K)
 Metaspace       used 35593K, committed 36096K, reserved 1114112K
  class space    used 4954K, committed 5184K, reserved 1048576K
}
Event: 2.278 GC heap after
{Heap after GC invocations=9 (full 0):
 garbage-first heap   total 303104K, used 27132K [0x0000000602c00000, 0x0000000800000000)
  region size 4096K, 3 young (12288K), 3 survivors (12288K)
 Metaspace       used 35593K, committed 36096K, reserved 1114112K
  class space    used 4954K, committed 5184K, reserved 1048576K
}
Event: 2.763 GC heap before
{Heap before GC invocations=10 (full 0):
 garbage-first heap   total 122880K, used 88572K [0x0000000602c00000, 0x0000000800000000)
  region size 4096K, 18 young (73728K), 3 survivors (12288K)
 Metaspace       used 46236K, committed 46720K, reserved 1114112K
  class space    used 6251K, committed 6464K, reserved 1048576K
}
Event: 2.767 GC heap after
{Heap after GC invocations=11 (full 0):
 garbage-first heap   total 122880K, used 31448K [0x0000000602c00000, 0x0000000800000000)
  region size 4096K, 2 young (8192K), 2 survivors (8192K)
 Metaspace       used 46236K, committed 46720K, reserved 1114112K
  class space    used 6251K, committed 6464K, reserved 1048576K
}
Event: 2.799 GC heap before
{Heap before GC invocations=11 (full 0):
 garbage-first heap   total 122880K, used 35544K [0x0000000602c00000, 0x0000000800000000)
  region size 4096K, 3 young (12288K), 2 survivors (8192K)
 Metaspace       used 47243K, committed 47680K, reserved 1114112K
  class space    used 6353K, committed 6528K, reserved 1048576K
}
Event: 2.802 GC heap after
{Heap after GC invocations=12 (full 0):
 garbage-first heap   total 122880K, used 32291K [0x0000000602c00000, 0x0000000800000000)
  region size 4096K, 1 young (4096K), 1 survivors (4096K)
 Metaspace       used 47243K, committed 47680K, reserved 1114112K
  class space    used 6353K, committed 6528K, reserved 1048576K
}
Event: 3.314 GC heap before
{Heap before GC invocations=12 (full 0):
 garbage-first heap   total 122880K, used 89635K [0x0000000602c00000, 0x0000000800000000)
  region size 4096K, 15 young (61440K), 1 survivors (4096K)
 Metaspace       used 59006K, committed 59520K, reserved 1114112K
  class space    used 8145K, committed 8384K, reserved 1048576K
}
Event: 3.316 GC heap after
{Heap after GC invocations=13 (full 0):
 garbage-first heap   total 122880K, used 34508K [0x0000000602c00000, 0x0000000800000000)
  region size 4096K, 1 young (4096K), 1 survivors (4096K)
 Metaspace       used 59006K, committed 59520K, reserved 1114112K
  class space    used 8145K, committed 8384K, reserved 1048576K
}
Event: 3.365 GC heap before
{Heap before GC invocations=13 (full 0):
 garbage-first heap   total 122880K, used 38604K [0x0000000602c00000, 0x0000000800000000)
  region size 4096K, 3 young (12288K), 1 survivors (4096K)
 Metaspace       used 59947K, committed 60416K, reserved 1114112K
  class space    used 8259K, committed 8512K, reserved 1048576K
}
Event: 3.367 GC heap after
{Heap after GC invocations=14 (full 0):
 garbage-first heap   total 122880K, used 34788K [0x0000000602c00000, 0x0000000800000000)
  region size 4096K, 1 young (4096K), 1 survivors (4096K)
 Metaspace       used 59947K, committed 60416K, reserved 1114112K
  class space    used 8259K, committed 8512K, reserved 1048576K
}
Event: 3.955 GC heap before
{Heap before GC invocations=15 (full 0):
 garbage-first heap   total 122880K, used 96228K [0x0000000602c00000, 0x0000000800000000)
  region size 4096K, 16 young (65536K), 1 survivors (4096K)
 Metaspace       used 69891K, committed 70528K, reserved 1114112K
  class space    used 9938K, committed 10240K, reserved 1048576K
}
Event: 3.958 GC heap after
{Heap after GC invocations=16 (full 0):
 garbage-first heap   total 122880K, used 37651K [0x0000000602c00000, 0x0000000800000000)
  region size 4096K, 2 young (8192K), 2 survivors (8192K)
 Metaspace       used 69891K, committed 70528K, reserved 1114112K
  class space    used 9938K, committed 10240K, reserved 1048576K
}
Event: 4.262 GC heap before
{Heap before GC invocations=16 (full 0):
 garbage-first heap   total 122880K, used 94995K [0x0000000602c00000, 0x0000000800000000)
  region size 4096K, 16 young (65536K), 2 survivors (8192K)
 Metaspace       used 75102K, committed 75712K, reserved 1114112K
  class space    used 10736K, committed 11008K, reserved 1048576K
}
Event: 4.265 GC heap after
{Heap after GC invocations=17 (full 0):
 garbage-first heap   total 122880K, used 40986K [0x0000000602c00000, 0x0000000800000000)
  region size 4096K, 2 young (8192K), 2 survivors (8192K)
 Metaspace       used 75102K, committed 75712K, reserved 1114112K
  class space    used 10736K, committed 11008K, reserved 1048576K
}
Event: 4.537 GC heap before
{Heap before GC invocations=17 (full 0):
 garbage-first heap   total 122880K, used 90138K [0x0000000602c00000, 0x0000000800000000)
  region size 4096K, 15 young (61440K), 2 survivors (8192K)
 Metaspace       used 80717K, committed 81344K, reserved 1179648K
  class space    used 11479K, committed 11776K, reserved 1048576K
}
Event: 4.542 GC heap after
{Heap after GC invocations=18 (full 0):
 garbage-first heap   total 122880K, used 44371K [0x0000000602c00000, 0x0000000800000000)
  region size 4096K, 2 young (8192K), 2 survivors (8192K)
 Metaspace       used 80717K, committed 81344K, reserved 1179648K
  class space    used 11479K, committed 11776K, reserved 1048576K
}
Event: 4.735 GC heap before
{Heap before GC invocations=18 (full 0):
 garbage-first heap   total 122880K, used 93523K [0x0000000602c00000, 0x0000000800000000)
  region size 4096K, 14 young (57344K), 2 survivors (8192K)
 Metaspace       used 82281K, committed 82880K, reserved 1179648K
  class space    used 11669K, committed 11968K, reserved 1048576K
}
Event: 4.739 GC heap after
{Heap after GC invocations=19 (full 0):
 garbage-first heap   total 122880K, used 46399K [0x0000000602c00000, 0x0000000800000000)
  region size 4096K, 2 young (8192K), 2 survivors (8192K)
 Metaspace       used 82281K, committed 82880K, reserved 1179648K
  class space    used 11669K, committed 11968K, reserved 1048576K
}
Event: 5.178 GC heap before
{Heap before GC invocations=19 (full 0):
 garbage-first heap   total 122880K, used 95551K [0x0000000602c00000, 0x0000000800000000)
  region size 4096K, 14 young (57344K), 2 survivors (8192K)
 Metaspace       used 87106K, committed 87808K, reserved 1179648K
  class space    used 12400K, committed 12736K, reserved 1048576K
}
Event: 5.181 GC heap after
{Heap after GC invocations=20 (full 0):
 garbage-first heap   total 323584K, used 51411K [0x0000000602c00000, 0x0000000800000000)
  region size 4096K, 2 young (8192K), 2 survivors (8192K)
 Metaspace       used 87106K, committed 87808K, reserved 1179648K
  class space    used 12400K, committed 12736K, reserved 1048576K
}

