# JRE version: Java(TM) SE Runtime Environment (17.0.8+9) (build 17.0.8+9-LTS-211)
# Java VM: Java HotSpot(TM) 64-Bit Server VM (17.0.8+9-LTS-211, mixed mode, emulated-client, sharing, tiered, compressed oops, compressed class ptrs, g1 gc, windows-amd64)
GC Precious Log:
 CPUs: 16 total, 16 available
 Memory: 32577M
 Large Page Support: Disabled
 NUMA Support: Disabled
 Compressed Oops: Enabled (Zero based)
 Heap Region Size: 4M
 Heap Min Capacity: 8M
 Heap Initial Capacity: 512M
 Heap Max Capacity: 8148M
 Pre-touch: Disabled
 Parallel Workers: 13
 Concurrent Workers: 3
 Concurrent Refinement Workers: 13
 Periodic GC: Disabled
Heap:
 garbage-first heap   total 323584K, used 67074K [0x0000000602c00000, 0x0000000800000000)
  region size 4096K, 7 young (28672K), 3 survivors (12288K)
 Metaspace       used 96872K, committed 97664K, reserved 1179648K
  class space    used 13613K, committed 14016K, reserved 1048576K
GC Heap History (20 events):
Event: 3.263 GC heap before
{Heap before GC invocations=12 (full 0):
 garbage-first heap   total 122880K, used 90426K [0x0000000602c00000, 0x0000000800000000)
  region size 4096K, 15 young (61440K), 1 survivors (4096K)
 Metaspace       used 58857K, committed 59392K, reserved 1114112K
  class space    used 8121K, committed 8384K, reserved 1048576K
}
Event: 3.266 GC heap after
{Heap after GC invocations=13 (full 0):
 garbage-first heap   total 122880K, used 34609K [0x0000000602c00000, 0x0000000800000000)
  region size 4096K, 1 young (4096K), 1 survivors (4096K)
 Metaspace       used 58857K, committed 59392K, reserved 1114112K
  class space    used 8121K, committed 8384K, reserved 1048576K
}
Event: 3.330 GC heap before
{Heap before GC invocations=13 (full 0):
 garbage-first heap   total 122880K, used 42801K [0x0000000602c00000, 0x0000000800000000)
  region size 4096K, 4 young (16384K), 1 survivors (4096K)
 Metaspace       used 59942K, committed 60416K, reserved 1114112K
  class space    used 8257K, committed 8512K, reserved 1048576K
}
Event: 3.332 GC heap after
{Heap after GC invocations=14 (full 0):
 garbage-first heap   total 122880K, used 34841K [0x0000000602c00000, 0x0000000800000000)
  region size 4096K, 1 young (4096K), 1 survivors (4096K)
 Metaspace       used 59942K, committed 60416K, reserved 1114112K
  class space    used 8257K, committed 8512K, reserved 1048576K
}
Event: 3.965 GC heap before
{Heap before GC invocations=15 (full 0):
 garbage-first heap   total 122880K, used 96281K [0x0000000602c00000, 0x0000000800000000)
  region size 4096K, 16 young (65536K), 1 survivors (4096K)
 Metaspace       used 70372K, committed 70976K, reserved 1114112K
  class space    used 10051K, committed 10304K, reserved 1048576K
}
Event: 3.970 GC heap after
{Heap after GC invocations=16 (full 0):
 garbage-first heap   total 122880K, used 37517K [0x0000000602c00000, 0x0000000800000000)
  region size 4096K, 2 young (8192K), 2 survivors (8192K)
 Metaspace       used 70372K, committed 70976K, reserved 1114112K
  class space    used 10051K, committed 10304K, reserved 1048576K
}
Event: 4.247 GC heap before
{Heap before GC invocations=16 (full 0):
 garbage-first heap   total 122880K, used 94861K [0x0000000602c00000, 0x0000000800000000)
  region size 4096K, 16 young (65536K), 2 survivors (8192K)
 Metaspace       used 74819K, committed 75456K, reserved 1114112K
  class space    used 10749K, committed 11008K, reserved 1048576K
}
Event: 4.250 GC heap after
{Heap after GC invocations=17 (full 0):
 garbage-first heap   total 122880K, used 41190K [0x0000000602c00000, 0x0000000800000000)
  region size 4096K, 2 young (8192K), 2 survivors (8192K)
 Metaspace       used 74819K, committed 75456K, reserved 1114112K
  class space    used 10749K, committed 11008K, reserved 1048576K
}
Event: 4.502 GC heap before
{Heap before GC invocations=17 (full 0):
 garbage-first heap   total 122880K, used 90342K [0x0000000602c00000, 0x0000000800000000)
  region size 4096K, 15 young (61440K), 2 survivors (8192K)
 Metaspace       used 80183K, committed 80896K, reserved 1179648K
  class space    used 11430K, committed 11776K, reserved 1048576K
}
Event: 4.505 GC heap after
{Heap after GC invocations=18 (full 0):
 garbage-first heap   total 122880K, used 44157K [0x0000000602c00000, 0x0000000800000000)
  region size 4096K, 2 young (8192K), 2 survivors (8192K)
 Metaspace       used 80183K, committed 80896K, reserved 1179648K
  class space    used 11430K, committed 11776K, reserved 1048576K
}
Event: 4.712 GC heap before
{Heap before GC invocations=18 (full 0):
 garbage-first heap   total 122880K, used 93309K [0x0000000602c00000, 0x0000000800000000)
  region size 4096K, 14 young (57344K), 2 survivors (8192K)
 Metaspace       used 82393K, committed 83008K, reserved 1179648K
  class space    used 11700K, committed 11968K, reserved 1048576K
}
Event: 4.715 GC heap after
{Heap after GC invocations=19 (full 0):
 garbage-first heap   total 122880K, used 46526K [0x0000000602c00000, 0x0000000800000000)
  region size 4096K, 2 young (8192K), 2 survivors (8192K)
 Metaspace       used 82393K, committed 83008K, reserved 1179648K
  class space    used 11700K, committed 11968K, reserved 1048576K
}
Event: 5.104 GC heap before
{Heap before GC invocations=19 (full 0):
 garbage-first heap   total 122880K, used 95678K [0x0000000602c00000, 0x0000000800000000)
  region size 4096K, 14 young (57344K), 2 survivors (8192K)
 Metaspace       used 87256K, committed 87872K, reserved 1179648K
  class space    used 12427K, committed 12672K, reserved 1048576K
}
Event: 5.108 GC heap after
{Heap after GC invocations=20 (full 0):
 garbage-first heap   total 323584K, used 51396K [0x0000000602c00000, 0x0000000800000000)
  region size 4096K, 2 young (8192K), 2 survivors (8192K)
 Metaspace       used 87256K, committed 87872K, reserved 1179648K
  class space    used 12427K, committed 12672K, reserved 1048576K
}
Event: 623.917 GC heap before
{Heap before GC invocations=20 (full 0):
 garbage-first heap   total 323584K, used 235716K [0x0000000602c00000, 0x0000000800000000)
  region size 4096K, 47 young (192512K), 2 survivors (8192K)
 Metaspace       used 88092K, committed 88768K, reserved 1179648K
  class space    used 12551K, committed 12864K, reserved 1048576K
}
Event: 623.929 GC heap after
{Heap after GC invocations=21 (full 0):
 garbage-first heap   total 323584K, used 51752K [0x0000000602c00000, 0x0000000800000000)
  region size 4096K, 2 young (8192K), 2 survivors (8192K)
 Metaspace       used 88092K, committed 88768K, reserved 1179648K
  class space    used 12551K, committed 12864K, reserved 1048576K
}
Event: 1939.021 GC heap before
{Heap before GC invocations=21 (full 0):
 garbage-first heap   total 323584K, used 236072K [0x0000000602c00000, 0x0000000800000000)
  region size 4096K, 47 young (192512K), 2 survivors (8192K)
 Metaspace       used 88142K, committed 88896K, reserved 1179648K
  class space    used 12558K, committed 12928K, reserved 1048576K
}
Event: 1939.030 GC heap after
{Heap after GC invocations=22 (full 0):
 garbage-first heap   total 323584K, used 51757K [0x0000000602c00000, 0x0000000800000000)
  region size 4096K, 2 young (8192K), 2 survivors (8192K)
 Metaspace       used 88142K, committed 88896K, reserved 1179648K
  class space    used 12558K, committed 12928K, reserved 1048576K
}
Event: 2279.766 GC heap before
{Heap before GC invocations=22 (full 0):
 garbage-first heap   total 323584K, used 231981K [0x0000000602c00000, 0x0000000800000000)
  region size 4096K, 47 young (192512K), 2 survivors (8192K)
 Metaspace       used 94427K, committed 95296K, reserved 1179648K
  class space    used 13487K, committed 13888K, reserved 1048576K
}
Event: 2279.771 GC heap after
{Heap after GC invocations=23 (full 0):
 garbage-first heap   total 323584K, used 54786K [0x0000000602c00000, 0x0000000800000000)
  region size 4096K, 3 young (12288K), 3 survivors (12288K)
 Metaspace       used 94427K, committed 95296K, reserved 1179648K
  class space    used 13487K, committed 13888K, reserved 1048576K
}

