# JRE version: Java(TM) SE Runtime Environment (17.0.8+9) (build 17.0.8+9-LTS-211)
# Java VM: Java HotSpot(TM) 64-Bit Server VM (17.0.8+9-LTS-211, mixed mode, emulated-client, sharing, tiered, compressed oops, compressed class ptrs, g1 gc, windows-amd64)
GC Precious Log:
 CPUs: 16 total, 16 available
 Memory: 32577M
 Large Page Support: Disabled
 NUMA Support: Disabled
 Compressed Oops: Enabled (Zero based)
 Heap Region Size: 4M
 Heap Min Capacity: 8M
 Heap Initial Capacity: 512M
 Heap Max Capacity: 8148M
 Pre-touch: Disabled
 Parallel Workers: 13
 Concurrent Workers: 3
 Concurrent Refinement Workers: 13
 Periodic GC: Disabled
Heap:
 garbage-first heap   total 323584K, used 75228K [0x0000000602c00000, 0x0000000800000000)
  region size 4096K, 9 young (36864K), 2 survivors (8192K)
 Metaspace       used 91766K, committed 92480K, reserved 1179648K
  class space    used 12993K, committed 13312K, reserved 1048576K
GC Heap History (20 events):
Event: 2.241 GC heap before
{Heap before GC invocations=10 (full 0):
 garbage-first heap   total 81920K, used 38929K [0x0000000602c00000, 0x0000000800000000)
  region size 4096K, 6 young (24576K), 2 survivors (8192K)
 Metaspace       used 35596K, committed 36096K, reserved 1114112K
  class space    used 4953K, committed 5184K, reserved 1048576K
}
Event: 2.244 GC heap after
{Heap after GC invocations=11 (full 0):
 garbage-first heap   total 303104K, used 27540K [0x0000000602c00000, 0x0000000800000000)
  region size 4096K, 2 young (8192K), 2 survivors (8192K)
 Metaspace       used 35596K, committed 36096K, reserved 1114112K
  class space    used 4953K, committed 5184K, reserved 1048576K
}
Event: 2.761 GC heap before
{Heap before GC invocations=12 (full 0):
 garbage-first heap   total 122880K, used 93076K [0x0000000602c00000, 0x0000000800000000)
  region size 4096K, 18 young (73728K), 2 survivors (8192K)
 Metaspace       used 47316K, committed 47808K, reserved 1114112K
  class space    used 6364K, committed 6592K, reserved 1048576K
}
Event: 2.763 GC heap after
{Heap after GC invocations=13 (full 0):
 garbage-first heap   total 122880K, used 31516K [0x0000000602c00000, 0x0000000800000000)
  region size 4096K, 3 young (12288K), 3 survivors (12288K)
 Metaspace       used 47316K, committed 47808K, reserved 1114112K
  class space    used 6364K, committed 6592K, reserved 1048576K
}
Event: 2.792 GC heap before
{Heap before GC invocations=13 (full 0):
 garbage-first heap   total 122880K, used 35612K [0x0000000602c00000, 0x0000000800000000)
  region size 4096K, 4 young (16384K), 3 survivors (12288K)
 Metaspace       used 47980K, committed 48448K, reserved 1114112K
  class space    used 6466K, committed 6656K, reserved 1048576K
}
Event: 2.796 GC heap after
{Heap after GC invocations=14 (full 0):
 garbage-first heap   total 122880K, used 32269K [0x0000000602c00000, 0x0000000800000000)
  region size 4096K, 1 young (4096K), 1 survivors (4096K)
 Metaspace       used 47980K, committed 48448K, reserved 1114112K
  class space    used 6466K, committed 6656K, reserved 1048576K
}
Event: 3.354 GC heap before
{Heap before GC invocations=14 (full 0):
 garbage-first heap   total 122880K, used 89613K [0x0000000602c00000, 0x0000000800000000)
  region size 4096K, 15 young (61440K), 1 survivors (4096K)
 Metaspace       used 59487K, committed 60032K, reserved 1114112K
  class space    used 8186K, committed 8448K, reserved 1048576K
}
Event: 3.355 GC heap after
{Heap after GC invocations=15 (full 0):
 garbage-first heap   total 122880K, used 34092K [0x0000000602c00000, 0x0000000800000000)
  region size 4096K, 1 young (4096K), 1 survivors (4096K)
 Metaspace       used 59487K, committed 60032K, reserved 1114112K
  class space    used 8186K, committed 8448K, reserved 1048576K
}
Event: 3.370 GC heap before
{Heap before GC invocations=15 (full 0):
 garbage-first heap   total 122880K, used 34092K [0x0000000602c00000, 0x0000000800000000)
  region size 4096K, 2 young (8192K), 1 survivors (4096K)
 Metaspace       used 59896K, committed 60416K, reserved 1114112K
  class space    used 8250K, committed 8512K, reserved 1048576K
}
Event: 3.372 GC heap after
{Heap after GC invocations=16 (full 0):
 garbage-first heap   total 122880K, used 34148K [0x0000000602c00000, 0x0000000800000000)
  region size 4096K, 1 young (4096K), 1 survivors (4096K)
 Metaspace       used 59896K, committed 60416K, reserved 1114112K
  class space    used 8250K, committed 8512K, reserved 1048576K
}
Event: 3.994 GC heap before
{Heap before GC invocations=17 (full 0):
 garbage-first heap   total 122880K, used 95588K [0x0000000602c00000, 0x0000000800000000)
  region size 4096K, 16 young (65536K), 1 survivors (4096K)
 Metaspace       used 69897K, committed 70528K, reserved 1114112K
  class space    used 9937K, committed 10240K, reserved 1048576K
}
Event: 3.996 GC heap after
{Heap after GC invocations=18 (full 0):
 garbage-first heap   total 122880K, used 37025K [0x0000000602c00000, 0x0000000800000000)
  region size 4096K, 2 young (8192K), 2 survivors (8192K)
 Metaspace       used 69897K, committed 70528K, reserved 1114112K
  class space    used 9937K, committed 10240K, reserved 1048576K
}
Event: 4.291 GC heap before
{Heap before GC invocations=18 (full 0):
 garbage-first heap   total 122880K, used 94369K [0x0000000602c00000, 0x0000000800000000)
  region size 4096K, 16 young (65536K), 2 survivors (8192K)
 Metaspace       used 75086K, committed 75648K, reserved 1114112K
  class space    used 10735K, committed 11008K, reserved 1048576K
}
Event: 4.295 GC heap after
{Heap after GC invocations=19 (full 0):
 garbage-first heap   total 122880K, used 40377K [0x0000000602c00000, 0x0000000800000000)
  region size 4096K, 2 young (8192K), 2 survivors (8192K)
 Metaspace       used 75086K, committed 75648K, reserved 1114112K
  class space    used 10735K, committed 11008K, reserved 1048576K
}
Event: 4.570 GC heap before
{Heap before GC invocations=19 (full 0):
 garbage-first heap   total 122880K, used 93625K [0x0000000602c00000, 0x0000000800000000)
  region size 4096K, 15 young (61440K), 2 survivors (8192K)
 Metaspace       used 80722K, committed 81344K, reserved 1179648K
  class space    used 11480K, committed 11776K, reserved 1048576K
}
Event: 4.573 GC heap after
{Heap after GC invocations=20 (full 0):
 garbage-first heap   total 122880K, used 43760K [0x0000000602c00000, 0x0000000800000000)
  region size 4096K, 2 young (8192K), 2 survivors (8192K)
 Metaspace       used 80722K, committed 81344K, reserved 1179648K
  class space    used 11480K, committed 11776K, reserved 1048576K
}
Event: 4.768 GC heap before
{Heap before GC invocations=20 (full 0):
 garbage-first heap   total 122880K, used 92912K [0x0000000602c00000, 0x0000000800000000)
  region size 4096K, 14 young (57344K), 2 survivors (8192K)
 Metaspace       used 82369K, committed 83008K, reserved 1179648K
  class space    used 11682K, committed 11968K, reserved 1048576K
}
Event: 4.772 GC heap after
{Heap after GC invocations=21 (full 0):
 garbage-first heap   total 122880K, used 45870K [0x0000000602c00000, 0x0000000800000000)
  region size 4096K, 2 young (8192K), 2 survivors (8192K)
 Metaspace       used 82369K, committed 83008K, reserved 1179648K
  class space    used 11682K, committed 11968K, reserved 1048576K
}
Event: 5.200 GC heap before
{Heap before GC invocations=21 (full 0):
 garbage-first heap   total 122880K, used 95022K [0x0000000602c00000, 0x0000000800000000)
  region size 4096K, 14 young (57344K), 2 survivors (8192K)
 Metaspace       used 87149K, committed 87808K, reserved 1179648K
  class space    used 12407K, committed 12736K, reserved 1048576K
}
Event: 5.204 GC heap after
{Heap after GC invocations=22 (full 0):
 garbage-first heap   total 323584K, used 50652K [0x0000000602c00000, 0x0000000800000000)
  region size 4096K, 2 young (8192K), 2 survivors (8192K)
 Metaspace       used 87149K, committed 87808K, reserved 1179648K
  class space    used 12407K, committed 12736K, reserved 1048576K
}

